<?xml version="1.0" encoding="UTF-8"?>
<testsuite xmlns:xsi="http://www.w3.org/2001/XMLSchema-instance" xsi:noNamespaceSchemaLocation="https://maven.apache.org/surefire/maven-surefire-plugin/xsd/surefire-test-report-3.0.xsd" version="3.0" name="com.poc.azure.AzureApplicationTests" time="3.383" tests="1" errors="0" skipped="0" failures="0">
  <properties>
[...]
</properties>
  <testcase name="contextLoads" classname="com.poc.azure.AzureApplicationTests" time="0.854">
    <system-out><![CDATA[14:24:30.610 [main] INFO org.springframework.test.context.support.AnnotationConfigContextLoaderUtils -- Could not detect default configuration classes for test class [com.poc.azure.AzureApplicationTests]: AzureApplicationTests does not declare any static, non-private, non-final, nested classes annotated with @Configuration.
14:24:30.720 [main] INFO org.springframework.boot.test.context.SpringBootTestContextBootstrapper -- Found @SpringBootConfiguration com.poc.azure.AzureApplication for test class com.poc.azure.AzureApplicationTests

  .   ____          _            __ _ _
 /\\ / ___'_ __ _ _(_)_ __  __ _ \ \ \ \
( ( )\___ | '_ | '_| | '_ \/ _` | \ \ \ \
 \\/  ___)| |_)| | | | | || (_| |  ) ) ) )
  '  |____| .__|_| |_|_| |_\__, | / / / /
 =========|_|==============|___/=/_/_/_/
 :: Spring Boot ::                (v3.1.2)

2023-08-07T14:24:31.121+07:00  INFO 533 --- [           main] com.poc.azure.AzureApplicationTests      : Starting AzureApplicationTests using Java 17.0.7 with PID 533 (started by s96526 in /Users/s96526/Playground/poc)
2023-08-07T14:24:31.123+07:00  INFO 533 --- [           main] com.poc.azure.AzureApplicationTests      : No active profile set, falling back to 1 default profile: "default"
2023-08-07T14:24:32.911+07:00  INFO 533 --- [           main] com.poc.azure.AzureApplicationTests      : Started AzureApplicationTests in 2.049 seconds (process running for 3.133)
]]></system-out>
  </testcase>
</testsuite>